<?xml version="1.0" encoding="UTF-8" standalone="no"?>
<testsuite failures="0" name="cucumber.runtime.formatter.JUnitFormatter" skipped="0" tests="1" time="20.694364">
<testcase classname="Free CRM Application Test" name="Validate Free CRM Home Page Test" time="20.694364">
<system-out><![CDATA[Given user opens the browser................................................passed
Then user is on login page..................................................passed
Then user logs in to the application........................................passed
Then validate home page title...............................................passed
Then Close the browser......................................................passed
]]></system-out>
</testcase>
</testsuite>
